<?xml version="1.0" encoding="UTF-8"?>
<!-- Generated by org.testng.reporters.JUnitReportReporter -->
<testsuite hostname="NAANILKU-M-K0S8" failures="0" tests="1" name="anil123.Swiping" time="10.139" errors="0" timestamp="2025-01-27T10:01:44 IST" skipped="0">
  <testcase classname="anil123.Swiping" name="swipe" time="10.139"/>
</testsuite> <!-- anil123.Swiping -->
