<?xml version="1.0" encoding="UTF-8"?>
<!-- Generated by org.testng.reporters.JUnitReportReporter -->
<testsuite hostname="NAANILKU-M-K0S8" failures="0" tests="1" name="anil123.LongPress" time="18.142" errors="0" timestamp="2025-01-30T14:24:52 IST" skipped="0">
  <testcase classname="anil123.LongPress" name="LongPressing" time="18.142"/>
</testsuite> <!-- anil123.LongPress -->
