<?xml version="1.0" encoding="UTF-8"?>
<!-- Generated by org.testng.reporters.JUnitReportReporter -->
<testsuite hostname="NAANILKU-M-K0S8" failures="0" tests="1" name="anil123.AppiumBasics" time="6.700" errors="0" timestamp="2025-01-23T11:27:47 IST" skipped="0">
  <testcase classname="anil123.AppiumBasics" name="Wificonf" time="6.700"/>
</testsuite> <!-- anil123.AppiumBasics -->
