<?xml version="1.0" encoding="UTF-8"?>
<!-- Generated by org.testng.reporters.JUnitReportReporter -->
<testsuite hostname="NAANILKU-M-K0S8" failures="0" tests="1" name="anil123.LongPress" time="18.603" errors="0" timestamp="2025-02-11T12:03:06 IST" skipped="0">
  <testcase classname="anil123.LongPress" name="LongPressing" time="18.603"/>
</testsuite> <!-- anil123.LongPress -->
