<?xml version="1.0" encoding="UTF-8"?>
<!-- Generated by org.testng.reporters.JUnitReportReporter -->
<testsuite hostname="NAANILKU-M-K0S8" failures="0" tests="1" name="anil123.Scroll" time="11.877" errors="0" timestamp="2025-01-23T15:52:03 IST" skipped="0">
  <testcase classname="anil123.Scroll" name="ScrollDemoTest" time="11.877"/>
</testsuite> <!-- anil123.Scroll -->
